This file contains any messages produced by compilers while
running configure, to aid debugging if configure makes a mistake.

It was created by Xen Hypervisor Stub Domains configure 4.11, which was
generated by GNU Autoconf 2.69.  Invocation command line was

  $ ./configure --disable-option-checking --prefix=/usr/local --cache-file=/dev/null --srcdir=.

## --------- ##
## Platform. ##
## --------- ##

hostname = runhua-AMD-EPYC
uname -m = x86_64
uname -r = 5.0.0-31-generic
uname -s = Linux
uname -v = #33-Ubuntu SMP Mon Sep 30 18:51:59 UTC 2019

/usr/bin/uname -p = x86_64
/bin/uname -X     = unknown

/bin/arch              = x86_64
/usr/bin/arch -k       = unknown
/usr/convex/getsysinfo = unknown
/usr/bin/hostinfo      = unknown
/bin/machine           = unknown
/usr/bin/oslevel       = unknown
/bin/universe          = unknown

PATH: /usr/local/sbin
PATH: /usr/local/bin
PATH: /usr/sbin
PATH: /usr/bin
PATH: /sbin
PATH: /bin
PATH: /usr/games
PATH: /usr/local/games
PATH: /snap/bin


## ----------- ##
## Core tests. ##
## ----------- ##

configure:1877: checking build system type
configure:1891: result: x86_64-unknown-linux-gnu
configure:1911: checking host system type
configure:1924: result: x86_64-unknown-linux-gnu
configure:2322: checking for wget
configure:2340: found /usr/bin/wget
configure:2353: result: /usr/bin/wget
configure:2471: checking for gcc
configure:2487: found /usr/bin/gcc
configure:2498: result: gcc
configure:2727: checking for C compiler version
configure:2736: gcc --version >&5
gcc (Ubuntu 8.3.0-6ubuntu1) 8.3.0
Copyright (C) 2018 Free Software Foundation, Inc.
This is free software; see the source for copying conditions.  There is NO
warranty; not even for MERCHANTABILITY or FITNESS FOR A PARTICULAR PURPOSE.

configure:2747: $? = 0
configure:2736: gcc -v >&5
Using built-in specs.
COLLECT_GCC=gcc
COLLECT_LTO_WRAPPER=/usr/lib/gcc/x86_64-linux-gnu/8/lto-wrapper
OFFLOAD_TARGET_NAMES=nvptx-none
OFFLOAD_TARGET_DEFAULT=1
Target: x86_64-linux-gnu
Configured with: ../src/configure -v --with-pkgversion='Ubuntu 8.3.0-6ubuntu1' --with-bugurl=file:///usr/share/doc/gcc-8/README.Bugs --enable-languages=c,ada,c++,go,brig,d,fortran,objc,obj-c++ --prefix=/usr --with-gcc-major-version-only --program-suffix=-8 --program-prefix=x86_64-linux-gnu- --enable-shared --enable-linker-build-id --libexecdir=/usr/lib --without-included-gettext --enable-threads=posix --libdir=/usr/lib --enable-nls --enable-bootstrap --enable-clocale=gnu --enable-libstdcxx-debug --enable-libstdcxx-time=yes --with-default-libstdcxx-abi=new --enable-gnu-unique-object --disable-vtable-verify --enable-libmpx --enable-plugin --enable-default-pie --with-system-zlib --with-target-system-zlib --enable-objc-gc=auto --enable-multiarch --disable-werror --with-arch-32=i686 --with-abi=m64 --with-multilib-list=m32,m64,mx32 --enable-multilib --with-tune=generic --enable-offload-targets=nvptx-none --without-cuda-driver --enable-checking=release --build=x86_64-linux-gnu --host=x86_64-linux-gnu --target=x86_64-linux-gnu
Thread model: posix
gcc version 8.3.0 (Ubuntu 8.3.0-6ubuntu1) 
configure:2747: $? = 0
configure:2736: gcc -V >&5
gcc: error: unrecognized command line option '-V'
gcc: fatal error: no input files
compilation terminated.
configure:2747: $? = 1
configure:2736: gcc -qversion >&5
gcc: error: unrecognized command line option '-qversion'; did you mean '--version'?
gcc: fatal error: no input files
compilation terminated.
configure:2747: $? = 1
configure:2767: checking whether the C compiler works
configure:2789: gcc    conftest.c  >&5
configure:2793: $? = 0
configure:2841: result: yes
configure:2844: checking for C compiler default output file name
configure:2846: result: a.out
configure:2852: checking for suffix of executables
configure:2859: gcc -o conftest    conftest.c  >&5
configure:2863: $? = 0
configure:2885: result: 
configure:2907: checking whether we are cross compiling
configure:2915: gcc -o conftest    conftest.c  >&5
configure:2919: $? = 0
configure:2926: ./conftest
configure:2930: $? = 0
configure:2918: result: no
configure:2923: checking for suffix of object files
configure:2945: gcc -c   conftest.c >&5
configure:2949: $? = 0
configure:2970: result: o
configure:2974: checking whether we are using the GNU C compiler
configure:2993: gcc -c   conftest.c >&5
configure:2993: $? = 0
configure:3002: result: yes
configure:3011: checking whether gcc accepts -g
configure:3031: gcc -c -g  conftest.c >&5
configure:3031: $? = 0
configure:3072: result: yes
configure:3089: checking for gcc option to accept ISO C89
configure:3152: gcc  -c -g -O2  conftest.c >&5
configure:3152: $? = 0
configure:3165: result: none needed
configure:3185: checking whether make sets $(MAKE)
configure:3207: result: yes
configure:3230: checking for a BSD-compatible install
configure:3298: result: /usr/bin/install -c
configure:3368: checking for cmake
configure:3386: found /usr/bin/cmake
configure:3399: result: /usr/bin/cmake
configure:3776: creating ./config.status

## ---------------------- ##
## Running config.status. ##
## ---------------------- ##

This file was extended by Xen Hypervisor Stub Domains config.status 4.11, which was
generated by GNU Autoconf 2.69.  Invocation command line was

  CONFIG_FILES    = 
  CONFIG_HEADERS  = 
  CONFIG_LINKS    = 
  CONFIG_COMMANDS = 
  $ ./config.status 

on runhua-AMD-EPYC

config.status:765: creating ../config/Stubdom.mk

## ---------------- ##
## Cache variables. ##
## ---------------- ##

ac_cv_build=x86_64-unknown-linux-gnu
ac_cv_c_compiler_gnu=yes
ac_cv_env_CC_set=
ac_cv_env_CC_value=
ac_cv_env_CFLAGS_set=
ac_cv_env_CFLAGS_value=
ac_cv_env_CMAKE_set=
ac_cv_env_CMAKE_value=
ac_cv_env_CPPFLAGS_set=
ac_cv_env_CPPFLAGS_value=
ac_cv_env_GMP_URL_set=
ac_cv_env_GMP_URL_value=
ac_cv_env_GRUB_URL_set=
ac_cv_env_GRUB_URL_value=
ac_cv_env_LDFLAGS_set=
ac_cv_env_LDFLAGS_value=
ac_cv_env_LIBPCI_URL_set=
ac_cv_env_LIBPCI_URL_value=
ac_cv_env_LIBS_set=
ac_cv_env_LIBS_value=
ac_cv_env_LWIP_URL_set=
ac_cv_env_LWIP_URL_value=
ac_cv_env_NEWLIB_URL_set=
ac_cv_env_NEWLIB_URL_value=
ac_cv_env_OCAML_URL_set=
ac_cv_env_OCAML_URL_value=
ac_cv_env_POLARSSL_URL_set=
ac_cv_env_POLARSSL_URL_value=
ac_cv_env_TPMEMU_URL_set=
ac_cv_env_TPMEMU_URL_value=
ac_cv_env_ZLIB_URL_set=
ac_cv_env_ZLIB_URL_value=
ac_cv_env_build_alias_set=
ac_cv_env_build_alias_value=
ac_cv_env_host_alias_set=
ac_cv_env_host_alias_value=
ac_cv_env_target_alias_set=
ac_cv_env_target_alias_value=
ac_cv_host=x86_64-unknown-linux-gnu
ac_cv_objext=o
ac_cv_path_CMAKE=/usr/bin/cmake
ac_cv_path_WGET=/usr/bin/wget
ac_cv_path_install='/usr/bin/install -c'
ac_cv_prog_ac_ct_CC=gcc
ac_cv_prog_cc_c89=
ac_cv_prog_cc_g=yes
ac_cv_prog_make_make_set=yes
ax_cv_debug=y
ax_cv_extfiles=y

## ----------------- ##
## Output variables. ##
## ----------------- ##

CC='gcc'
CFLAGS='-g -O2'
CMAKE='/usr/bin/cmake'
CPPFLAGS=''
DEFS='-DPACKAGE_NAME=\"Xen\ Hypervisor\ Stub\ Domains\" -DPACKAGE_TARNAME=\"xen\" -DPACKAGE_VERSION=\"4.11\" -DPACKAGE_STRING=\"Xen\ Hypervisor\ Stub\ Domains\ 4.11\" -DPACKAGE_BUGREPORT=\"xen-devel@lists.xen.org\" -DPACKAGE_URL=\"http://www.xen.org/\"'
ECHO_C=''
ECHO_N='-n'
ECHO_T=''
EXEEXT=''
FETCHER='/usr/bin/wget -c -O'
FTP=''
GMP_URL='$(XEN_EXTFILES_URL)'
GMP_VERSION='4.3.2'
GRUB_URL='$(XEN_EXTFILES_URL)'
GRUB_VERSION='0.97'
INSTALL_DATA='${INSTALL} -m 644'
INSTALL_PROGRAM='${INSTALL}'
INSTALL_SCRIPT='${INSTALL}'
LDFLAGS=''
LIBOBJS=''
LIBPCI_URL='$(XEN_EXTFILES_URL)'
LIBPCI_VERSION='2.2.9'
LIBS=''
LTLIBOBJS=''
LWIP_URL='$(XEN_EXTFILES_URL)'
LWIP_VERSION='1.3.0'
NEWLIB_URL='$(XEN_EXTFILES_URL)'
NEWLIB_VERSION='1.16.0'
OBJEXT='o'
OCAML_URL='http://caml.inria.fr/pub/distrib/ocaml-4.02'
OCAML_VERSION='4.02.0'
PACKAGE_BUGREPORT='xen-devel@lists.xen.org'
PACKAGE_NAME='Xen Hypervisor Stub Domains'
PACKAGE_STRING='Xen Hypervisor Stub Domains 4.11'
PACKAGE_TARNAME='xen'
PACKAGE_URL='http://www.xen.org/'
PACKAGE_VERSION='4.11'
PATH_SEPARATOR=':'
POLARSSL_URL='$(XEN_EXTFILES_URL)'
POLARSSL_VERSION='1.1.4'
SET_MAKE=''
SHELL='/bin/bash'
STUBDOM_BUILD=' pv-grub xenstore-stubdom vtpm-stubdom vtpmmgr-stubdom ioemu-stubdom'
STUBDOM_INSTALL=' install-grub install-xenstore install-vtpm install-vtpmmgr install-ioemu'
STUBDOM_TARGETS=' grub xenstore vtpm vtpmmgr ioemu'
STUBDOM_UNINSTALL=' install-grub install-xenstore install-vtpm install-vtpmmgr install-ioemu'
TPMEMU_URL='$(XEN_EXTFILES_URL)'
TPMEMU_VERSION='0.7.4'
WGET='/usr/bin/wget'
ZLIB_URL='$(XEN_EXTFILES_URL)'
ZLIB_VERSION='1.2.3'
ac_ct_CC='gcc'
bindir='${exec_prefix}/bin'
build='x86_64-unknown-linux-gnu'
build_alias=''
build_cpu='x86_64'
build_os='linux-gnu'
build_vendor='unknown'
c='n'
caml='n'
datadir='${datarootdir}'
datarootdir='${prefix}/share'
debug='y'
docdir='${datarootdir}/doc/${PACKAGE_TARNAME}'
dvidir='${docdir}'
exec_prefix='${prefix}'
extfiles='y'
grub='y'
host='x86_64-unknown-linux-gnu'
host_alias=''
host_cpu='x86_64'
host_os='linux-gnu'
host_vendor='unknown'
htmldir='${docdir}'
includedir='${prefix}/include'
infodir='${datarootdir}/info'
ioemu='y'
libdir='${exec_prefix}/lib'
libexecdir='${exec_prefix}/libexec'
localedir='${datarootdir}/locale'
localstatedir='${prefix}/var'
mandir='${datarootdir}/man'
oldincludedir='/usr/include'
pdfdir='${docdir}'
prefix='/usr/local'
program_transform_name='s,x,x,'
psdir='${docdir}'
runstatedir='${localstatedir}/run'
sbindir='${exec_prefix}/sbin'
sharedstatedir='${prefix}/com'
sysconfdir='${prefix}/etc'
target_alias=''
vtpm='y'
vtpmmgr='y'
xenstore='y'

## ----------- ##
## confdefs.h. ##
## ----------- ##

/* confdefs.h */
#define PACKAGE_NAME "Xen Hypervisor Stub Domains"
#define PACKAGE_TARNAME "xen"
#define PACKAGE_VERSION "4.11"
#define PACKAGE_STRING "Xen Hypervisor Stub Domains 4.11"
#define PACKAGE_BUGREPORT "xen-devel@lists.xen.org"
#define PACKAGE_URL "http://www.xen.org/"

configure: exit 0
