This file contains any messages produced by compilers while
running configure, to aid debugging if configure makes a mistake.

It was created by Xen Hypervisor Tools configure 4.11, which was
generated by GNU Autoconf 2.69.  Invocation command line was

  $ ./configure --disable-option-checking --prefix=/usr/local --cache-file=/dev/null --srcdir=.

## --------- ##
## Platform. ##
## --------- ##

hostname = runhua-AMD-EPYC
uname -m = x86_64
uname -r = 5.0.0-31-generic
uname -s = Linux
uname -v = #33-Ubuntu SMP Mon Sep 30 18:51:59 UTC 2019

/usr/bin/uname -p = x86_64
/bin/uname -X     = unknown

/bin/arch              = x86_64
/usr/bin/arch -k       = unknown
/usr/convex/getsysinfo = unknown
/usr/bin/hostinfo      = unknown
/bin/machine           = unknown
/usr/bin/oslevel       = unknown
/bin/universe          = unknown

PATH: /usr/local/sbin
PATH: /usr/local/bin
PATH: /usr/sbin
PATH: /usr/bin
PATH: /sbin
PATH: /bin
PATH: /usr/games
PATH: /usr/local/games
PATH: /snap/bin


## ----------- ##
## Core tests. ##
## ----------- ##

configure:2472: checking build system type
configure:2486: result: x86_64-unknown-linux-gnu
configure:2506: checking host system type
configure:2519: result: x86_64-unknown-linux-gnu
configure:2594: checking for gcc
configure:2610: found /usr/bin/gcc
configure:2621: result: gcc
configure:2850: checking for C compiler version
configure:2859: gcc --version >&5
gcc (Ubuntu 8.3.0-6ubuntu1) 8.3.0
Copyright (C) 2018 Free Software Foundation, Inc.
This is free software; see the source for copying conditions.  There is NO
warranty; not even for MERCHANTABILITY or FITNESS FOR A PARTICULAR PURPOSE.

configure:2870: $? = 0
configure:2859: gcc -v >&5
Using built-in specs.
COLLECT_GCC=gcc
COLLECT_LTO_WRAPPER=/usr/lib/gcc/x86_64-linux-gnu/8/lto-wrapper
OFFLOAD_TARGET_NAMES=nvptx-none
OFFLOAD_TARGET_DEFAULT=1
Target: x86_64-linux-gnu
Configured with: ../src/configure -v --with-pkgversion='Ubuntu 8.3.0-6ubuntu1' --with-bugurl=file:///usr/share/doc/gcc-8/README.Bugs --enable-languages=c,ada,c++,go,brig,d,fortran,objc,obj-c++ --prefix=/usr --with-gcc-major-version-only --program-suffix=-8 --program-prefix=x86_64-linux-gnu- --enable-shared --enable-linker-build-id --libexecdir=/usr/lib --without-included-gettext --enable-threads=posix --libdir=/usr/lib --enable-nls --enable-bootstrap --enable-clocale=gnu --enable-libstdcxx-debug --enable-libstdcxx-time=yes --with-default-libstdcxx-abi=new --enable-gnu-unique-object --disable-vtable-verify --enable-libmpx --enable-plugin --enable-default-pie --with-system-zlib --with-target-system-zlib --enable-objc-gc=auto --enable-multiarch --disable-werror --with-arch-32=i686 --with-abi=m64 --with-multilib-list=m32,m64,mx32 --enable-multilib --with-tune=generic --enable-offload-targets=nvptx-none --without-cuda-driver --enable-checking=release --build=x86_64-linux-gnu --host=x86_64-linux-gnu --target=x86_64-linux-gnu
Thread model: posix
gcc version 8.3.0 (Ubuntu 8.3.0-6ubuntu1) 
configure:2870: $? = 0
configure:2859: gcc -V >&5
gcc: error: unrecognized command line option '-V'
gcc: fatal error: no input files
compilation terminated.
configure:2870: $? = 1
configure:2859: gcc -qversion >&5
gcc: error: unrecognized command line option '-qversion'; did you mean '--version'?
gcc: fatal error: no input files
compilation terminated.
configure:2870: $? = 1
configure:2890: checking whether the C compiler works
configure:2912: gcc    conftest.c  >&5
configure:2916: $? = 0
configure:2964: result: yes
configure:2967: checking for C compiler default output file name
configure:2969: result: a.out
configure:2975: checking for suffix of executables
configure:2982: gcc -o conftest    conftest.c  >&5
configure:2986: $? = 0
configure:3008: result: 
configure:3030: checking whether we are cross compiling
configure:3038: gcc -o conftest    conftest.c  >&5
configure:3042: $? = 0
configure:3049: ./conftest
configure:3053: $? = 0
configure:3041: result: no
configure:3046: checking for suffix of object files
configure:3068: gcc -c   conftest.c >&5
configure:3072: $? = 0
configure:3093: result: o
configure:3097: checking whether we are using the GNU C compiler
configure:3116: gcc -c   conftest.c >&5
configure:3116: $? = 0
configure:3125: result: yes
configure:3134: checking whether gcc accepts -g
configure:3154: gcc -c -g  conftest.c >&5
configure:3154: $? = 0
configure:3195: result: yes
configure:3212: checking for gcc option to accept ISO C89
configure:3275: gcc  -c -g -O2  conftest.c >&5
configure:3275: $? = 0
configure:3288: result: none needed
configure:3316: checking for special C compiler options needed for large files
configure:3361: result: no
configure:3367: checking for _FILE_OFFSET_BITS value needed for large files
configure:3392: gcc -c -g -O2  conftest.c >&5
configure:3392: $? = 0
configure:3424: result: no
configure:4265: checking for as86
configure:4283: found /usr/bin/as86
configure:4296: result: /usr/bin/as86
configure:4310: checking for ld86
configure:4328: found /usr/bin/ld86
configure:4341: result: /usr/bin/ld86
configure:4355: checking for bcc
configure:4373: found /usr/bin/bcc
configure:4386: result: /usr/bin/bcc
configure:4398: checking for lzma_version_number in -llzma
configure:4423: gcc -o conftest -g -O2   conftest.c -llzma   >&5
configure:4423: $? = 0
configure:4432: result: yes
configure:4642: checking for gcc
configure:4669: result: gcc
configure:4898: checking for C compiler version
configure:4907: gcc --version >&5
gcc (Ubuntu 8.3.0-6ubuntu1) 8.3.0
Copyright (C) 2018 Free Software Foundation, Inc.
This is free software; see the source for copying conditions.  There is NO
warranty; not even for MERCHANTABILITY or FITNESS FOR A PARTICULAR PURPOSE.

configure:4918: $? = 0
configure:4907: gcc -v >&5
Using built-in specs.
COLLECT_GCC=gcc
COLLECT_LTO_WRAPPER=/usr/lib/gcc/x86_64-linux-gnu/8/lto-wrapper
OFFLOAD_TARGET_NAMES=nvptx-none
OFFLOAD_TARGET_DEFAULT=1
Target: x86_64-linux-gnu
Configured with: ../src/configure -v --with-pkgversion='Ubuntu 8.3.0-6ubuntu1' --with-bugurl=file:///usr/share/doc/gcc-8/README.Bugs --enable-languages=c,ada,c++,go,brig,d,fortran,objc,obj-c++ --prefix=/usr --with-gcc-major-version-only --program-suffix=-8 --program-prefix=x86_64-linux-gnu- --enable-shared --enable-linker-build-id --libexecdir=/usr/lib --without-included-gettext --enable-threads=posix --libdir=/usr/lib --enable-nls --enable-bootstrap --enable-clocale=gnu --enable-libstdcxx-debug --enable-libstdcxx-time=yes --with-default-libstdcxx-abi=new --enable-gnu-unique-object --disable-vtable-verify --enable-libmpx --enable-plugin --enable-default-pie --with-system-zlib --with-target-system-zlib --enable-objc-gc=auto --enable-multiarch --disable-werror --with-arch-32=i686 --with-abi=m64 --with-multilib-list=m32,m64,mx32 --enable-multilib --with-tune=generic --enable-offload-targets=nvptx-none --without-cuda-driver --enable-checking=release --build=x86_64-linux-gnu --host=x86_64-linux-gnu --target=x86_64-linux-gnu
Thread model: posix
gcc version 8.3.0 (Ubuntu 8.3.0-6ubuntu1) 
configure:4918: $? = 0
configure:4907: gcc -V >&5
gcc: error: unrecognized command line option '-V'
gcc: fatal error: no input files
compilation terminated.
configure:4918: $? = 1
configure:4907: gcc -qversion >&5
gcc: error: unrecognized command line option '-qversion'; did you mean '--version'?
gcc: fatal error: no input files
compilation terminated.
configure:4918: $? = 1
configure:4922: checking whether we are using the GNU C compiler
configure:4950: result: yes
configure:4959: checking whether gcc accepts -g
configure:5020: result: yes
configure:5037: checking for gcc option to accept ISO C89
configure:5113: result: none needed
configure:5133: checking whether make sets $(MAKE)
configure:5155: result: yes
configure:5178: checking for a BSD-compatible install
configure:5246: result: /usr/bin/install -c
configure:5259: checking for bison
configure:5277: found /usr/bin/bison
configure:5289: result: /usr/bin/bison
configure:5299: checking for flex
configure:5317: found /usr/bin/flex
configure:5329: result: /usr/bin/flex
configure:5339: checking for perl
configure:5357: found /usr/bin/perl
configure:5370: result: /usr/bin/perl
configure:5384: checking for awk
configure:5402: found /usr/bin/awk
configure:5415: result: /usr/bin/awk
configure:5472: checking for ocamlc
configure:5488: found /usr/bin/ocamlc
configure:5499: result: ocamlc
configure:5524: result: OCaml version is 4.05.0
configure:5533: result: OCaml library path is /usr/lib/ocaml
configure:5583: checking for ocamlopt
configure:5599: found /usr/bin/ocamlopt
configure:5610: result: ocamlopt
configure:5693: checking for ocamlc.opt
configure:5709: found /usr/bin/ocamlc.opt
configure:5720: result: ocamlc.opt
configure:5797: checking for ocamlopt.opt
configure:5813: found /usr/bin/ocamlopt.opt
configure:5824: result: ocamlopt.opt
configure:5906: checking for ocaml
configure:5922: found /usr/bin/ocaml
configure:5933: result: ocaml
configure:6000: checking for ocamldep
configure:6016: found /usr/bin/ocamldep
configure:6027: result: ocamldep
configure:6094: checking for ocamlmktop
configure:6110: found /usr/bin/ocamlmktop
configure:6121: result: ocamlmktop
configure:6188: checking for ocamlmklib
configure:6204: found /usr/bin/ocamlmklib
configure:6215: result: ocamlmklib
configure:6282: checking for ocamldoc
configure:6298: found /usr/bin/ocamldoc
configure:6309: result: ocamldoc
configure:6376: checking for ocamlbuild
configure:6406: result: no
configure:6471: checking for ocamlfind
configure:6487: found /usr/bin/ocamlfind
configure:6498: result: ocamlfind
configure:6527: checking for gawk
configure:6554: result: /usr/bin/awk
configure:6738: checking for checkpolicy
configure:6768: result: no
configure:6810: checking for bash
configure:6841: result: /bin/bash
configure:6866: checking for python
configure:6884: found /usr/bin/python
configure:6897: result: /usr/bin/python
configure:6909: checking for python version >= 2.3 
configure:6919: result: yes
configure:6928: checking how to run the C preprocessor
configure:6959: gcc -E    conftest.c
configure:6959: $? = 0
configure:6973: gcc -E    conftest.c
conftest.c:14:10: fatal error: ac_nonexistent.h: No such file or directory
 #include <ac_nonexistent.h>
          ^~~~~~~~~~~~~~~~~~
compilation terminated.
configure:6973: $? = 1
configure: failed program was:
| /* confdefs.h */
| #define PACKAGE_NAME "Xen Hypervisor Tools"
| #define PACKAGE_TARNAME "xen"
| #define PACKAGE_VERSION "4.11"
| #define PACKAGE_STRING "Xen Hypervisor Tools 4.11"
| #define PACKAGE_BUGREPORT "xen-devel@lists.xen.org"
| #define PACKAGE_URL "http://www.xen.org/"
| #define HAVE_QEMU_TRADITIONAL 1
| #define HAVE_LIBLZMA 1
| #define HAVE_ROMBIOS 1
| #define QEMU_XEN_PATH "/usr/local/lib/xen/bin/qemu-system-i386"
| #define SEABIOS_PATH "/usr/local/lib/xen/boot/seabios.bin"
| /* end confdefs.h.  */
| #include <ac_nonexistent.h>
configure:6998: result: gcc -E
configure:7018: gcc -E    conftest.c
configure:7018: $? = 0
configure:7032: gcc -E    conftest.c
conftest.c:14:10: fatal error: ac_nonexistent.h: No such file or directory
 #include <ac_nonexistent.h>
          ^~~~~~~~~~~~~~~~~~
compilation terminated.
configure:7032: $? = 1
configure: failed program was:
| /* confdefs.h */
| #define PACKAGE_NAME "Xen Hypervisor Tools"
| #define PACKAGE_TARNAME "xen"
| #define PACKAGE_VERSION "4.11"
| #define PACKAGE_STRING "Xen Hypervisor Tools 4.11"
| #define PACKAGE_BUGREPORT "xen-devel@lists.xen.org"
| #define PACKAGE_URL "http://www.xen.org/"
| #define HAVE_QEMU_TRADITIONAL 1
| #define HAVE_LIBLZMA 1
| #define HAVE_ROMBIOS 1
| #define QEMU_XEN_PATH "/usr/local/lib/xen/bin/qemu-system-i386"
| #define SEABIOS_PATH "/usr/local/lib/xen/boot/seabios.bin"
| /* end confdefs.h.  */
| #include <ac_nonexistent.h>
configure:7061: checking for grep that handles long lines and -e
configure:7119: result: /usr/bin/grep
configure:7124: checking for egrep
configure:7186: result: /usr/bin/grep -E
configure:7191: checking for ANSI C header files
configure:7211: gcc -c -g -O2    conftest.c >&5
configure:7211: $? = 0
configure:7284: gcc -o conftest -g -O2       conftest.c -llzma  >&5
configure:7284: $? = 0
configure:7284: ./conftest
configure:7284: $? = 0
configure:7295: result: yes
configure:7308: checking for sys/types.h
configure:7308: gcc -c -g -O2    conftest.c >&5
configure:7308: $? = 0
configure:7308: result: yes
configure:7308: checking for sys/stat.h
configure:7308: gcc -c -g -O2    conftest.c >&5
configure:7308: $? = 0
configure:7308: result: yes
configure:7308: checking for stdlib.h
configure:7308: gcc -c -g -O2    conftest.c >&5
configure:7308: $? = 0
configure:7308: result: yes
configure:7308: checking for string.h
configure:7308: gcc -c -g -O2    conftest.c >&5
configure:7308: $? = 0
configure:7308: result: yes
configure:7308: checking for memory.h
configure:7308: gcc -c -g -O2    conftest.c >&5
configure:7308: $? = 0
configure:7308: result: yes
configure:7308: checking for strings.h
configure:7308: gcc -c -g -O2    conftest.c >&5
configure:7308: $? = 0
configure:7308: result: yes
configure:7308: checking for inttypes.h
configure:7308: gcc -c -g -O2    conftest.c >&5
configure:7308: $? = 0
configure:7308: result: yes
configure:7308: checking for stdint.h
configure:7308: gcc -c -g -O2    conftest.c >&5
configure:7308: $? = 0
configure:7308: result: yes
configure:7308: checking for unistd.h
configure:7308: gcc -c -g -O2    conftest.c >&5
configure:7308: $? = 0
configure:7308: result: yes
configure:7329: checking for python-config
configure:7347: found /usr/bin/python-config
configure:7360: result: /usr/bin/python-config
configure:7394: checking Python.h usability
configure:7394: gcc -c -g -O2 -g -O2 -I/usr/include/python2.7 -I/usr/include/x86_64-linux-gnu/python2.7  -fno-strict-aliasing -Wdate-time -D_FORTIFY_SOURCE=2 -g -fdebug-prefix-map=/build/python2.7-6PoE97/python2.7-2.7.16=. -fstack-protector-strong -Wformat -Werror=format-security  -DNDEBUG -g -fwrapv -O2 -Wall -Wstrict-prototypes conftest.c >&5
configure:7394: $? = 0
configure:7394: result: yes
configure:7394: checking Python.h presence
configure:7394: gcc -E -g -O2 -I/usr/include/python2.7 -I/usr/include/x86_64-linux-gnu/python2.7  -fno-strict-aliasing -Wdate-time -D_FORTIFY_SOURCE=2 -g -fdebug-prefix-map=/build/python2.7-6PoE97/python2.7-2.7.16=. -fstack-protector-strong -Wformat -Werror=format-security  -DNDEBUG -g -fwrapv -O2 -Wall -Wstrict-prototypes conftest.c
configure:7394: $? = 0
configure:7394: result: yes
configure:7394: checking for Python.h
configure:7394: result: yes
configure:7403: checking for PyArg_ParseTuple in -lpython2.7
configure:7428: gcc -o conftest -g -O2 -g -O2 -I/usr/include/python2.7 -I/usr/include/x86_64-linux-gnu/python2.7  -fno-strict-aliasing -Wdate-time -D_FORTIFY_SOURCE=2 -g -fdebug-prefix-map=/build/python2.7-6PoE97/python2.7-2.7.16=. -fstack-protector-strong -Wformat -Werror=format-security  -DNDEBUG -g -fwrapv -O2 -Wall -Wstrict-prototypes    -L/usr/lib/python2.7/config-x86_64-linux-gnu -L/usr/lib -lpython2.7 -lpthread -ldl  -lutil -lm  -Xlinker -export-dynamic -Wl,-O1 -Wl,-Bsymbolic-functions conftest.c -lpython2.7 -llzma  -lpython2.7 -lpthread -ldl  -lutil -lm  -llzma  >&5
conftest.c:31:1: warning: function declaration isn't a prototype [-Wstrict-prototypes]
 char PyArg_ParseTuple ();
 ^~~~
conftest.c:33:1: warning: function declaration isn't a prototype [-Wstrict-prototypes]
 main ()
 ^~~~
configure:7428: $? = 0
configure:7438: result: yes
configure:7455: checking whether Python setup.py brokenly enables -D_FORTIFY_SOURCE
configure:7473: result: yes
configure:7495: checking for xgettext
configure:7513: found /usr/bin/xgettext
configure:7526: result: /usr/bin/xgettext
configure:7542: checking for iasl
configure:7560: found /usr/bin/iasl
configure:7573: result: /usr/bin/iasl
configure:7588: checking uuid/uuid.h usability
configure:7588: gcc -c -g -O2    conftest.c >&5
configure:7588: $? = 0
configure:7588: result: yes
configure:7588: checking uuid/uuid.h presence
configure:7588: gcc -E    conftest.c
configure:7588: $? = 0
configure:7588: result: yes
configure:7588: checking for uuid/uuid.h
configure:7588: result: yes
configure:7591: checking for uuid_clear in -luuid
configure:7616: gcc -o conftest -g -O2       conftest.c -luuid  -lpython2.7 -llzma  >&5
configure:7616: $? = 0
configure:7625: result: yes
configure:7635: checking uuid.h usability
configure:7635: gcc -c -g -O2    conftest.c >&5
conftest.c:58:10: fatal error: uuid.h: No such file or directory
 #include <uuid.h>
          ^~~~~~~~
compilation terminated.
configure:7635: $? = 1
configure: failed program was:
| /* confdefs.h */
| #define PACKAGE_NAME "Xen Hypervisor Tools"
| #define PACKAGE_TARNAME "xen"
| #define PACKAGE_VERSION "4.11"
| #define PACKAGE_STRING "Xen Hypervisor Tools 4.11"
| #define PACKAGE_BUGREPORT "xen-devel@lists.xen.org"
| #define PACKAGE_URL "http://www.xen.org/"
| #define HAVE_QEMU_TRADITIONAL 1
| #define HAVE_LIBLZMA 1
| #define HAVE_ROMBIOS 1
| #define QEMU_XEN_PATH "/usr/local/lib/xen/bin/qemu-system-i386"
| #define SEABIOS_PATH "/usr/local/lib/xen/boot/seabios.bin"
| #define STDC_HEADERS 1
| #define HAVE_SYS_TYPES_H 1
| #define HAVE_SYS_STAT_H 1
| #define HAVE_STDLIB_H 1
| #define HAVE_STRING_H 1
| #define HAVE_MEMORY_H 1
| #define HAVE_STRINGS_H 1
| #define HAVE_INTTYPES_H 1
| #define HAVE_STDINT_H 1
| #define HAVE_UNISTD_H 1
| #define HAVE_LIBPYTHON2_7 1
| /* end confdefs.h.  */
| #include <stdio.h>
| #ifdef HAVE_SYS_TYPES_H
| # include <sys/types.h>
| #endif
| #ifdef HAVE_SYS_STAT_H
| # include <sys/stat.h>
| #endif
| #ifdef STDC_HEADERS
| # include <stdlib.h>
| # include <stddef.h>
| #else
| # ifdef HAVE_STDLIB_H
| #  include <stdlib.h>
| # endif
| #endif
| #ifdef HAVE_STRING_H
| # if !defined STDC_HEADERS && defined HAVE_MEMORY_H
| #  include <memory.h>
| # endif
| # include <string.h>
| #endif
| #ifdef HAVE_STRINGS_H
| # include <strings.h>
| #endif
| #ifdef HAVE_INTTYPES_H
| # include <inttypes.h>
| #endif
| #ifdef HAVE_STDINT_H
| # include <stdint.h>
| #endif
| #ifdef HAVE_UNISTD_H
| # include <unistd.h>
| #endif
| #include <uuid.h>
configure:7635: result: no
configure:7635: checking uuid.h presence
configure:7635: gcc -E    conftest.c
conftest.c:25:10: fatal error: uuid.h: No such file or directory
 #include <uuid.h>
          ^~~~~~~~
compilation terminated.
configure:7635: $? = 1
configure: failed program was:
| /* confdefs.h */
| #define PACKAGE_NAME "Xen Hypervisor Tools"
| #define PACKAGE_TARNAME "xen"
| #define PACKAGE_VERSION "4.11"
| #define PACKAGE_STRING "Xen Hypervisor Tools 4.11"
| #define PACKAGE_BUGREPORT "xen-devel@lists.xen.org"
| #define PACKAGE_URL "http://www.xen.org/"
| #define HAVE_QEMU_TRADITIONAL 1
| #define HAVE_LIBLZMA 1
| #define HAVE_ROMBIOS 1
| #define QEMU_XEN_PATH "/usr/local/lib/xen/bin/qemu-system-i386"
| #define SEABIOS_PATH "/usr/local/lib/xen/boot/seabios.bin"
| #define STDC_HEADERS 1
| #define HAVE_SYS_TYPES_H 1
| #define HAVE_SYS_STAT_H 1
| #define HAVE_STDLIB_H 1
| #define HAVE_STRING_H 1
| #define HAVE_MEMORY_H 1
| #define HAVE_STRINGS_H 1
| #define HAVE_INTTYPES_H 1
| #define HAVE_STDINT_H 1
| #define HAVE_UNISTD_H 1
| #define HAVE_LIBPYTHON2_7 1
| /* end confdefs.h.  */
| #include <uuid.h>
configure:7635: result: no
configure:7635: checking for uuid.h
configure:7635: result: no
configure:7648: checking curses.h usability
configure:7648: gcc -c -g -O2    conftest.c >&5
configure:7648: $? = 0
configure:7648: result: yes
configure:7648: checking curses.h presence
configure:7648: gcc -E    conftest.c
configure:7648: $? = 0
configure:7648: result: yes
configure:7648: checking for curses.h
configure:7648: result: yes
configure:7651: checking for clear in -lcurses
configure:7676: gcc -o conftest -g -O2       conftest.c -lcurses  -lpython2.7 -llzma  >&5
configure:7676: $? = 0
configure:7685: result: yes
configure:7699: checking ncurses.h usability
configure:7699: gcc -c -g -O2    conftest.c >&5
configure:7699: $? = 0
configure:7699: result: yes
configure:7699: checking ncurses.h presence
configure:7699: gcc -E    conftest.c
configure:7699: $? = 0
configure:7699: result: yes
configure:7699: checking for ncurses.h
configure:7699: result: yes
configure:7702: checking for clear in -lncurses
configure:7727: gcc -o conftest -g -O2       conftest.c -lncurses  -lpython2.7 -llzma  >&5
configure:7727: $? = 0
configure:7736: result: yes
configure:7775: checking for define_key in -ltinfo
configure:7800: gcc -o conftest -g -O2       conftest.c -ltinfo  -lpython2.7 -llzma  >&5
configure:7800: $? = 0
configure:7809: result: yes
configure:7873: checking for pkg-config
configure:7891: found /usr/bin/pkg-config
configure:7903: result: /usr/bin/pkg-config
configure:7928: checking pkg-config is at least version 0.9.0
configure:7931: result: yes
configure:7943: checking for glib
configure:7950: $PKG_CONFIG --exists --print-errors "glib-2.0 >= 2.12"
configure:7953: $? = 0
configure:7967: $PKG_CONFIG --exists --print-errors "glib-2.0 >= 2.12"
configure:7970: $? = 0
configure:8028: result: yes
configure:8034: checking for pixman
configure:8041: $PKG_CONFIG --exists --print-errors "pixman-1 >= 0.21.8"
configure:8044: $? = 0
configure:8058: $PKG_CONFIG --exists --print-errors "pixman-1 >= 0.21.8"
configure:8061: $? = 0
configure:8119: result: yes
configure:8128: checking for wget
configure:8146: found /usr/bin/wget
configure:8159: result: /usr/bin/wget
configure:8229: checking bzlib.h usability
configure:8229: gcc -c -g -O2    conftest.c >&5
configure:8229: $? = 0
configure:8229: result: yes
configure:8229: checking bzlib.h presence
configure:8229: gcc -E    conftest.c
configure:8229: $? = 0
configure:8229: result: yes
configure:8229: checking for bzlib.h
configure:8229: result: yes
configure:8232: checking for BZ2_bzDecompressInit in -lbz2
configure:8257: gcc -o conftest -g -O2       conftest.c -lbz2  -lpython2.7 -llzma  >&5
configure:8257: $? = 0
configure:8266: result: yes
configure:8276: checking lzma.h usability
configure:8276: gcc -c -g -O2    conftest.c >&5
configure:8276: $? = 0
configure:8276: result: yes
configure:8276: checking lzma.h presence
configure:8276: gcc -E    conftest.c
configure:8276: $? = 0
configure:8276: result: yes
configure:8276: checking for lzma.h
configure:8276: result: yes
configure:8279: checking for lzma_stream_decoder in -llzma
configure:8304: gcc -o conftest -g -O2       conftest.c -llzma  -lpython2.7 -llzma  >&5
configure:8304: $? = 0
configure:8313: result: yes
configure:8323: checking lzo/lzo1x.h usability
configure:8323: gcc -c -g -O2    conftest.c >&5
conftest.c:59:10: fatal error: lzo/lzo1x.h: No such file or directory
 #include <lzo/lzo1x.h>
          ^~~~~~~~~~~~~
compilation terminated.
configure:8323: $? = 1
configure: failed program was:
| /* confdefs.h */
| #define PACKAGE_NAME "Xen Hypervisor Tools"
| #define PACKAGE_TARNAME "xen"
| #define PACKAGE_VERSION "4.11"
| #define PACKAGE_STRING "Xen Hypervisor Tools 4.11"
| #define PACKAGE_BUGREPORT "xen-devel@lists.xen.org"
| #define PACKAGE_URL "http://www.xen.org/"
| #define HAVE_QEMU_TRADITIONAL 1
| #define HAVE_LIBLZMA 1
| #define HAVE_ROMBIOS 1
| #define QEMU_XEN_PATH "/usr/local/lib/xen/bin/qemu-system-i386"
| #define SEABIOS_PATH "/usr/local/lib/xen/boot/seabios.bin"
| #define STDC_HEADERS 1
| #define HAVE_SYS_TYPES_H 1
| #define HAVE_SYS_STAT_H 1
| #define HAVE_STDLIB_H 1
| #define HAVE_STRING_H 1
| #define HAVE_MEMORY_H 1
| #define HAVE_STRINGS_H 1
| #define HAVE_INTTYPES_H 1
| #define HAVE_STDINT_H 1
| #define HAVE_UNISTD_H 1
| #define HAVE_LIBPYTHON2_7 1
| #define INCLUDE_CURSES_H <ncurses.h>
| /* end confdefs.h.  */
| #include <stdio.h>
| #ifdef HAVE_SYS_TYPES_H
| # include <sys/types.h>
| #endif
| #ifdef HAVE_SYS_STAT_H
| # include <sys/stat.h>
| #endif
| #ifdef STDC_HEADERS
| # include <stdlib.h>
| # include <stddef.h>
| #else
| # ifdef HAVE_STDLIB_H
| #  include <stdlib.h>
| # endif
| #endif
| #ifdef HAVE_STRING_H
| # if !defined STDC_HEADERS && defined HAVE_MEMORY_H
| #  include <memory.h>
| # endif
| # include <string.h>
| #endif
| #ifdef HAVE_STRINGS_H
| # include <strings.h>
| #endif
| #ifdef HAVE_INTTYPES_H
| # include <inttypes.h>
| #endif
| #ifdef HAVE_STDINT_H
| # include <stdint.h>
| #endif
| #ifdef HAVE_UNISTD_H
| # include <unistd.h>
| #endif
| #include <lzo/lzo1x.h>
configure:8323: result: no
configure:8323: checking lzo/lzo1x.h presence
configure:8323: gcc -E    conftest.c
conftest.c:26:10: fatal error: lzo/lzo1x.h: No such file or directory
 #include <lzo/lzo1x.h>
          ^~~~~~~~~~~~~
compilation terminated.
configure:8323: $? = 1
configure: failed program was:
| /* confdefs.h */
| #define PACKAGE_NAME "Xen Hypervisor Tools"
| #define PACKAGE_TARNAME "xen"
| #define PACKAGE_VERSION "4.11"
| #define PACKAGE_STRING "Xen Hypervisor Tools 4.11"
| #define PACKAGE_BUGREPORT "xen-devel@lists.xen.org"
| #define PACKAGE_URL "http://www.xen.org/"
| #define HAVE_QEMU_TRADITIONAL 1
| #define HAVE_LIBLZMA 1
| #define HAVE_ROMBIOS 1
| #define QEMU_XEN_PATH "/usr/local/lib/xen/bin/qemu-system-i386"
| #define SEABIOS_PATH "/usr/local/lib/xen/boot/seabios.bin"
| #define STDC_HEADERS 1
| #define HAVE_SYS_TYPES_H 1
| #define HAVE_SYS_STAT_H 1
| #define HAVE_STDLIB_H 1
| #define HAVE_STRING_H 1
| #define HAVE_MEMORY_H 1
| #define HAVE_STRINGS_H 1
| #define HAVE_INTTYPES_H 1
| #define HAVE_STDINT_H 1
| #define HAVE_UNISTD_H 1
| #define HAVE_LIBPYTHON2_7 1
| #define INCLUDE_CURSES_H <ncurses.h>
| /* end confdefs.h.  */
| #include <lzo/lzo1x.h>
configure:8323: result: no
configure:8323: checking for lzo/lzo1x.h
configure:8323: result: no
configure:8424: checking ext2fs/ext2fs.h usability
configure:8424: gcc -c -g -O2    conftest.c >&5
configure:8424: $? = 0
configure:8424: result: yes
configure:8424: checking ext2fs/ext2fs.h presence
configure:8424: gcc -E    conftest.c
configure:8424: $? = 0
configure:8424: result: yes
configure:8424: checking for ext2fs/ext2fs.h
configure:8424: result: yes
configure:8427: checking for ext2fs_open2 in -lext2fs
configure:8452: gcc -o conftest -g -O2       conftest.c -lext2fs  -lpython2.7 -llzma  >&5
configure:8452: $? = 0
configure:8461: result: yes
configure:8476: checking ext4fs/ext2fs.h usability
configure:8476: gcc -c -g -O2    conftest.c >&5
conftest.c:60:10: fatal error: ext4fs/ext2fs.h: No such file or directory
 #include <ext4fs/ext2fs.h>
          ^~~~~~~~~~~~~~~~~
compilation terminated.
configure:8476: $? = 1
configure: failed program was:
| /* confdefs.h */
| #define PACKAGE_NAME "Xen Hypervisor Tools"
| #define PACKAGE_TARNAME "xen"
| #define PACKAGE_VERSION "4.11"
| #define PACKAGE_STRING "Xen Hypervisor Tools 4.11"
| #define PACKAGE_BUGREPORT "xen-devel@lists.xen.org"
| #define PACKAGE_URL "http://www.xen.org/"
| #define HAVE_QEMU_TRADITIONAL 1
| #define HAVE_LIBLZMA 1
| #define HAVE_ROMBIOS 1
| #define QEMU_XEN_PATH "/usr/local/lib/xen/bin/qemu-system-i386"
| #define SEABIOS_PATH "/usr/local/lib/xen/boot/seabios.bin"
| #define STDC_HEADERS 1
| #define HAVE_SYS_TYPES_H 1
| #define HAVE_SYS_STAT_H 1
| #define HAVE_STDLIB_H 1
| #define HAVE_STRING_H 1
| #define HAVE_MEMORY_H 1
| #define HAVE_STRINGS_H 1
| #define HAVE_INTTYPES_H 1
| #define HAVE_STDINT_H 1
| #define HAVE_UNISTD_H 1
| #define HAVE_LIBPYTHON2_7 1
| #define INCLUDE_CURSES_H <ncurses.h>
| #define INCLUDE_EXTFS_H <ext2fs/ext2fs.h>
| /* end confdefs.h.  */
| #include <stdio.h>
| #ifdef HAVE_SYS_TYPES_H
| # include <sys/types.h>
| #endif
| #ifdef HAVE_SYS_STAT_H
| # include <sys/stat.h>
| #endif
| #ifdef STDC_HEADERS
| # include <stdlib.h>
| # include <stddef.h>
| #else
| # ifdef HAVE_STDLIB_H
| #  include <stdlib.h>
| # endif
| #endif
| #ifdef HAVE_STRING_H
| # if !defined STDC_HEADERS && defined HAVE_MEMORY_H
| #  include <memory.h>
| # endif
| # include <string.h>
| #endif
| #ifdef HAVE_STRINGS_H
| # include <strings.h>
| #endif
| #ifdef HAVE_INTTYPES_H
| # include <inttypes.h>
| #endif
| #ifdef HAVE_STDINT_H
| # include <stdint.h>
| #endif
| #ifdef HAVE_UNISTD_H
| # include <unistd.h>
| #endif
| #include <ext4fs/ext2fs.h>
configure:8476: result: no
configure:8476: checking ext4fs/ext2fs.h presence
configure:8476: gcc -E    conftest.c
conftest.c:27:10: fatal error: ext4fs/ext2fs.h: No such file or directory
 #include <ext4fs/ext2fs.h>
          ^~~~~~~~~~~~~~~~~
compilation terminated.
configure:8476: $? = 1
configure: failed program was:
| /* confdefs.h */
| #define PACKAGE_NAME "Xen Hypervisor Tools"
| #define PACKAGE_TARNAME "xen"
| #define PACKAGE_VERSION "4.11"
| #define PACKAGE_STRING "Xen Hypervisor Tools 4.11"
| #define PACKAGE_BUGREPORT "xen-devel@lists.xen.org"
| #define PACKAGE_URL "http://www.xen.org/"
| #define HAVE_QEMU_TRADITIONAL 1
| #define HAVE_LIBLZMA 1
| #define HAVE_ROMBIOS 1
| #define QEMU_XEN_PATH "/usr/local/lib/xen/bin/qemu-system-i386"
| #define SEABIOS_PATH "/usr/local/lib/xen/boot/seabios.bin"
| #define STDC_HEADERS 1
| #define HAVE_SYS_TYPES_H 1
| #define HAVE_SYS_STAT_H 1
| #define HAVE_STDLIB_H 1
| #define HAVE_STRING_H 1
| #define HAVE_MEMORY_H 1
| #define HAVE_STRINGS_H 1
| #define HAVE_INTTYPES_H 1
| #define HAVE_STDINT_H 1
| #define HAVE_UNISTD_H 1
| #define HAVE_LIBPYTHON2_7 1
| #define INCLUDE_CURSES_H <ncurses.h>
| #define INCLUDE_EXTFS_H <ext2fs/ext2fs.h>
| /* end confdefs.h.  */
| #include <ext4fs/ext2fs.h>
configure:8476: result: no
configure:8476: checking for ext4fs/ext2fs.h
configure:8476: result: no
configure:8530: checking for gcry_md_hash_buffer in -lgcrypt
configure:8555: gcc -o conftest -g -O2       conftest.c -lgcrypt  -lpython2.7 -llzma  >&5
/usr/bin/ld: cannot find -lgcrypt
collect2: error: ld returned 1 exit status
configure:8555: $? = 1
configure: failed program was:
| /* confdefs.h */
| #define PACKAGE_NAME "Xen Hypervisor Tools"
| #define PACKAGE_TARNAME "xen"
| #define PACKAGE_VERSION "4.11"
| #define PACKAGE_STRING "Xen Hypervisor Tools 4.11"
| #define PACKAGE_BUGREPORT "xen-devel@lists.xen.org"
| #define PACKAGE_URL "http://www.xen.org/"
| #define HAVE_QEMU_TRADITIONAL 1
| #define HAVE_LIBLZMA 1
| #define HAVE_ROMBIOS 1
| #define QEMU_XEN_PATH "/usr/local/lib/xen/bin/qemu-system-i386"
| #define SEABIOS_PATH "/usr/local/lib/xen/boot/seabios.bin"
| #define STDC_HEADERS 1
| #define HAVE_SYS_TYPES_H 1
| #define HAVE_SYS_STAT_H 1
| #define HAVE_STDLIB_H 1
| #define HAVE_STRING_H 1
| #define HAVE_MEMORY_H 1
| #define HAVE_STRINGS_H 1
| #define HAVE_INTTYPES_H 1
| #define HAVE_STDINT_H 1
| #define HAVE_UNISTD_H 1
| #define HAVE_LIBPYTHON2_7 1
| #define INCLUDE_CURSES_H <ncurses.h>
| #define INCLUDE_EXTFS_H <ext2fs/ext2fs.h>
| /* end confdefs.h.  */
| 
| /* Override any GCC internal prototype to avoid an error.
|    Use char because int might match the return type of a GCC
|    builtin and then its argument prototype would still apply.  */
| #ifdef __cplusplus
| extern "C"
| #endif
| char gcry_md_hash_buffer ();
| int
| main ()
| {
| return gcry_md_hash_buffer ();
|   ;
|   return 0;
| }
configure:8564: result: no
configure:8574: checking for pthread flag
configure:8610: gcc -o conftest -g -O2 -pthread       -pthread conftest.c -lpython2.7 -llzma   >&5
conftest.c: In function 'main':
conftest.c:31:3: warning: null argument where non-null required (argument 1) [-Wnonnull]
   pthread_create(0,0,0,0);
   ^~~~~~~~~~~~~~
conftest.c:31:3: warning: null argument where non-null required (argument 3) [-Wnonnull]
configure:8610: $? = 0
configure:8626: result: -pthread
configure:8643: checking libutil.h usability
configure:8643: gcc -c -g -O2    -Werror conftest.c >&5
conftest.c:60:10: fatal error: libutil.h: No such file or directory
 #include <libutil.h>
          ^~~~~~~~~~~
compilation terminated.
configure:8643: $? = 1
configure: failed program was:
| /* confdefs.h */
| #define PACKAGE_NAME "Xen Hypervisor Tools"
| #define PACKAGE_TARNAME "xen"
| #define PACKAGE_VERSION "4.11"
| #define PACKAGE_STRING "Xen Hypervisor Tools 4.11"
| #define PACKAGE_BUGREPORT "xen-devel@lists.xen.org"
| #define PACKAGE_URL "http://www.xen.org/"
| #define HAVE_QEMU_TRADITIONAL 1
| #define HAVE_LIBLZMA 1
| #define HAVE_ROMBIOS 1
| #define QEMU_XEN_PATH "/usr/local/lib/xen/bin/qemu-system-i386"
| #define SEABIOS_PATH "/usr/local/lib/xen/boot/seabios.bin"
| #define STDC_HEADERS 1
| #define HAVE_SYS_TYPES_H 1
| #define HAVE_SYS_STAT_H 1
| #define HAVE_STDLIB_H 1
| #define HAVE_STRING_H 1
| #define HAVE_MEMORY_H 1
| #define HAVE_STRINGS_H 1
| #define HAVE_INTTYPES_H 1
| #define HAVE_STDINT_H 1
| #define HAVE_UNISTD_H 1
| #define HAVE_LIBPYTHON2_7 1
| #define INCLUDE_CURSES_H <ncurses.h>
| #define INCLUDE_EXTFS_H <ext2fs/ext2fs.h>
| /* end confdefs.h.  */
| #include <stdio.h>
| #ifdef HAVE_SYS_TYPES_H
| # include <sys/types.h>
| #endif
| #ifdef HAVE_SYS_STAT_H
| # include <sys/stat.h>
| #endif
| #ifdef STDC_HEADERS
| # include <stdlib.h>
| # include <stddef.h>
| #else
| # ifdef HAVE_STDLIB_H
| #  include <stdlib.h>
| # endif
| #endif
| #ifdef HAVE_STRING_H
| # if !defined STDC_HEADERS && defined HAVE_MEMORY_H
| #  include <memory.h>
| # endif
| # include <string.h>
| #endif
| #ifdef HAVE_STRINGS_H
| # include <strings.h>
| #endif
| #ifdef HAVE_INTTYPES_H
| # include <inttypes.h>
| #endif
| #ifdef HAVE_STDINT_H
| # include <stdint.h>
| #endif
| #ifdef HAVE_UNISTD_H
| # include <unistd.h>
| #endif
| #include <libutil.h>
configure:8643: result: no
configure:8643: checking libutil.h presence
configure:8643: gcc -E    -Werror conftest.c
conftest.c:27:10: fatal error: libutil.h: No such file or directory
 #include <libutil.h>
          ^~~~~~~~~~~
compilation terminated.
configure:8643: $? = 1
configure: failed program was:
| /* confdefs.h */
| #define PACKAGE_NAME "Xen Hypervisor Tools"
| #define PACKAGE_TARNAME "xen"
| #define PACKAGE_VERSION "4.11"
| #define PACKAGE_STRING "Xen Hypervisor Tools 4.11"
| #define PACKAGE_BUGREPORT "xen-devel@lists.xen.org"
| #define PACKAGE_URL "http://www.xen.org/"
| #define HAVE_QEMU_TRADITIONAL 1
| #define HAVE_LIBLZMA 1
| #define HAVE_ROMBIOS 1
| #define QEMU_XEN_PATH "/usr/local/lib/xen/bin/qemu-system-i386"
| #define SEABIOS_PATH "/usr/local/lib/xen/boot/seabios.bin"
| #define STDC_HEADERS 1
| #define HAVE_SYS_TYPES_H 1
| #define HAVE_SYS_STAT_H 1
| #define HAVE_STDLIB_H 1
| #define HAVE_STRING_H 1
| #define HAVE_MEMORY_H 1
| #define HAVE_STRINGS_H 1
| #define HAVE_INTTYPES_H 1
| #define HAVE_STDINT_H 1
| #define HAVE_UNISTD_H 1
| #define HAVE_LIBPYTHON2_7 1
| #define INCLUDE_CURSES_H <ncurses.h>
| #define INCLUDE_EXTFS_H <ext2fs/ext2fs.h>
| /* end confdefs.h.  */
| #include <libutil.h>
configure:8643: result: no
configure:8643: checking for libutil.h
configure:8643: result: no
configure:8656: checking for openpty et al
configure:8685: gcc -o conftest -g -O2       conftest.c -lpython2.7 -llzma  -lutil >&5
conftest.c: In function 'main':
conftest.c:32:3: warning: implicit declaration of function 'openpty' [-Wimplicit-function-declaration]
   openpty(0,0,0,0,0);
   ^~~~~~~
conftest.c:33:3: warning: implicit declaration of function 'login_tty' [-Wimplicit-function-declaration]
   login_tty(0);
   ^~~~~~~~~
configure:8685: $? = 0
configure:8698: result: -lutil
configure:8703: checking for yajl_alloc in -lyajl
configure:8728: gcc -o conftest -g -O2       conftest.c -lyajl  -lpython2.7 -llzma  -lutil >&5
configure:8728: $? = 0
configure:8737: result: yes
configure:8750: checking for deflateCopy in -lz
configure:8775: gcc -o conftest -g -O2       conftest.c -lz  -lyajl -lpython2.7 -llzma  -lutil >&5
configure:8775: $? = 0
configure:8784: result: yes
configure:8797: checking for libiconv_open in -liconv
configure:8822: gcc -o conftest -g -O2       conftest.c -liconv  -lz -lyajl -lpython2.7 -llzma  -lutil >&5
/usr/bin/ld: cannot find -liconv
collect2: error: ld returned 1 exit status
configure:8822: $? = 1
configure: failed program was:
| /* confdefs.h */
| #define PACKAGE_NAME "Xen Hypervisor Tools"
| #define PACKAGE_TARNAME "xen"
| #define PACKAGE_VERSION "4.11"
| #define PACKAGE_STRING "Xen Hypervisor Tools 4.11"
| #define PACKAGE_BUGREPORT "xen-devel@lists.xen.org"
| #define PACKAGE_URL "http://www.xen.org/"
| #define HAVE_QEMU_TRADITIONAL 1
| #define HAVE_LIBLZMA 1
| #define HAVE_ROMBIOS 1
| #define QEMU_XEN_PATH "/usr/local/lib/xen/bin/qemu-system-i386"
| #define SEABIOS_PATH "/usr/local/lib/xen/boot/seabios.bin"
| #define STDC_HEADERS 1
| #define HAVE_SYS_TYPES_H 1
| #define HAVE_SYS_STAT_H 1
| #define HAVE_STDLIB_H 1
| #define HAVE_STRING_H 1
| #define HAVE_MEMORY_H 1
| #define HAVE_STRINGS_H 1
| #define HAVE_INTTYPES_H 1
| #define HAVE_STDINT_H 1
| #define HAVE_UNISTD_H 1
| #define HAVE_LIBPYTHON2_7 1
| #define INCLUDE_CURSES_H <ncurses.h>
| #define INCLUDE_EXTFS_H <ext2fs/ext2fs.h>
| #define HAVE_LIBYAJL 1
| #define HAVE_LIBZ 1
| /* end confdefs.h.  */
| 
| /* Override any GCC internal prototype to avoid an error.
|    Use char because int might match the return type of a GCC
|    builtin and then its argument prototype would still apply.  */
| #ifdef __cplusplus
| extern "C"
| #endif
| char libiconv_open ();
| int
| main ()
| {
| return libiconv_open ();
|   ;
|   return 0;
| }
configure:8831: result: no
configure:8840: checking argp.h usability
configure:8840: gcc -c -g -O2    conftest.c >&5
configure:8840: $? = 0
configure:8840: result: yes
configure:8840: checking argp.h presence
configure:8840: gcc -E    conftest.c
configure:8840: $? = 0
configure:8840: result: yes
configure:8840: checking for argp.h
configure:8840: result: yes
configure:8843: checking for argp_usage in -largp
configure:8868: gcc -o conftest -g -O2       conftest.c -largp  -lz -lyajl -lpython2.7 -llzma  -lutil >&5
/usr/bin/ld: cannot find -largp
collect2: error: ld returned 1 exit status
configure:8868: $? = 1
configure: failed program was:
| /* confdefs.h */
| #define PACKAGE_NAME "Xen Hypervisor Tools"
| #define PACKAGE_TARNAME "xen"
| #define PACKAGE_VERSION "4.11"
| #define PACKAGE_STRING "Xen Hypervisor Tools 4.11"
| #define PACKAGE_BUGREPORT "xen-devel@lists.xen.org"
| #define PACKAGE_URL "http://www.xen.org/"
| #define HAVE_QEMU_TRADITIONAL 1
| #define HAVE_LIBLZMA 1
| #define HAVE_ROMBIOS 1
| #define QEMU_XEN_PATH "/usr/local/lib/xen/bin/qemu-system-i386"
| #define SEABIOS_PATH "/usr/local/lib/xen/boot/seabios.bin"
| #define STDC_HEADERS 1
| #define HAVE_SYS_TYPES_H 1
| #define HAVE_SYS_STAT_H 1
| #define HAVE_STDLIB_H 1
| #define HAVE_STRING_H 1
| #define HAVE_MEMORY_H 1
| #define HAVE_STRINGS_H 1
| #define HAVE_INTTYPES_H 1
| #define HAVE_STDINT_H 1
| #define HAVE_UNISTD_H 1
| #define HAVE_LIBPYTHON2_7 1
| #define INCLUDE_CURSES_H <ncurses.h>
| #define INCLUDE_EXTFS_H <ext2fs/ext2fs.h>
| #define HAVE_LIBYAJL 1
| #define HAVE_LIBZ 1
| /* end confdefs.h.  */
| 
| /* Override any GCC internal prototype to avoid an error.
|    Use char because int might match the return type of a GCC
|    builtin and then its argument prototype would still apply.  */
| #ifdef __cplusplus
| extern "C"
| #endif
| char argp_usage ();
| int
| main ()
| {
| return argp_usage ();
|   ;
|   return 0;
| }
configure:8877: result: no
configure:9024: checking yajl/yajl_version.h usability
configure:9024: gcc -c -g -O2    conftest.c >&5
configure:9024: $? = 0
configure:9024: result: yes
configure:9024: checking yajl/yajl_version.h presence
configure:9024: gcc -E    conftest.c
configure:9024: $? = 0
configure:9024: result: yes
configure:9024: checking for yajl/yajl_version.h
configure:9024: result: yes
configure:9024: checking sys/eventfd.h usability
configure:9024: gcc -c -g -O2    conftest.c >&5
configure:9024: $? = 0
configure:9024: result: yes
configure:9024: checking sys/eventfd.h presence
configure:9024: gcc -E    conftest.c
configure:9024: $? = 0
configure:9024: result: yes
configure:9024: checking for sys/eventfd.h
configure:9024: result: yes
configure:9024: checking valgrind/memcheck.h usability
configure:9024: gcc -c -g -O2    conftest.c >&5
conftest.c:64:10: fatal error: valgrind/memcheck.h: No such file or directory
 #include <valgrind/memcheck.h>
          ^~~~~~~~~~~~~~~~~~~~~
compilation terminated.
configure:9024: $? = 1
configure: failed program was:
| /* confdefs.h */
| #define PACKAGE_NAME "Xen Hypervisor Tools"
| #define PACKAGE_TARNAME "xen"
| #define PACKAGE_VERSION "4.11"
| #define PACKAGE_STRING "Xen Hypervisor Tools 4.11"
| #define PACKAGE_BUGREPORT "xen-devel@lists.xen.org"
| #define PACKAGE_URL "http://www.xen.org/"
| #define HAVE_QEMU_TRADITIONAL 1
| #define HAVE_LIBLZMA 1
| #define HAVE_ROMBIOS 1
| #define QEMU_XEN_PATH "/usr/local/lib/xen/bin/qemu-system-i386"
| #define SEABIOS_PATH "/usr/local/lib/xen/boot/seabios.bin"
| #define STDC_HEADERS 1
| #define HAVE_SYS_TYPES_H 1
| #define HAVE_SYS_STAT_H 1
| #define HAVE_STDLIB_H 1
| #define HAVE_STRING_H 1
| #define HAVE_MEMORY_H 1
| #define HAVE_STRINGS_H 1
| #define HAVE_INTTYPES_H 1
| #define HAVE_STDINT_H 1
| #define HAVE_UNISTD_H 1
| #define HAVE_LIBPYTHON2_7 1
| #define INCLUDE_CURSES_H <ncurses.h>
| #define INCLUDE_EXTFS_H <ext2fs/ext2fs.h>
| #define HAVE_LIBYAJL 1
| #define HAVE_LIBZ 1
| #define HAVE_YAJL_YAJL_VERSION_H 1
| #define HAVE_SYS_EVENTFD_H 1
| /* end confdefs.h.  */
| #include <stdio.h>
| #ifdef HAVE_SYS_TYPES_H
| # include <sys/types.h>
| #endif
| #ifdef HAVE_SYS_STAT_H
| # include <sys/stat.h>
| #endif
| #ifdef STDC_HEADERS
| # include <stdlib.h>
| # include <stddef.h>
| #else
| # ifdef HAVE_STDLIB_H
| #  include <stdlib.h>
| # endif
| #endif
| #ifdef HAVE_STRING_H
| # if !defined STDC_HEADERS && defined HAVE_MEMORY_H
| #  include <memory.h>
| # endif
| # include <string.h>
| #endif
| #ifdef HAVE_STRINGS_H
| # include <strings.h>
| #endif
| #ifdef HAVE_INTTYPES_H
| # include <inttypes.h>
| #endif
| #ifdef HAVE_STDINT_H
| # include <stdint.h>
| #endif
| #ifdef HAVE_UNISTD_H
| # include <unistd.h>
| #endif
| #include <valgrind/memcheck.h>
configure:9024: result: no
configure:9024: checking valgrind/memcheck.h presence
configure:9024: gcc -E    conftest.c
conftest.c:31:10: fatal error: valgrind/memcheck.h: No such file or directory
 #include <valgrind/memcheck.h>
          ^~~~~~~~~~~~~~~~~~~~~
compilation terminated.
configure:9024: $? = 1
configure: failed program was:
| /* confdefs.h */
| #define PACKAGE_NAME "Xen Hypervisor Tools"
| #define PACKAGE_TARNAME "xen"
| #define PACKAGE_VERSION "4.11"
| #define PACKAGE_STRING "Xen Hypervisor Tools 4.11"
| #define PACKAGE_BUGREPORT "xen-devel@lists.xen.org"
| #define PACKAGE_URL "http://www.xen.org/"
| #define HAVE_QEMU_TRADITIONAL 1
| #define HAVE_LIBLZMA 1
| #define HAVE_ROMBIOS 1
| #define QEMU_XEN_PATH "/usr/local/lib/xen/bin/qemu-system-i386"
| #define SEABIOS_PATH "/usr/local/lib/xen/boot/seabios.bin"
| #define STDC_HEADERS 1
| #define HAVE_SYS_TYPES_H 1
| #define HAVE_SYS_STAT_H 1
| #define HAVE_STDLIB_H 1
| #define HAVE_STRING_H 1
| #define HAVE_MEMORY_H 1
| #define HAVE_STRINGS_H 1
| #define HAVE_INTTYPES_H 1
| #define HAVE_STDINT_H 1
| #define HAVE_UNISTD_H 1
| #define HAVE_LIBPYTHON2_7 1
| #define INCLUDE_CURSES_H <ncurses.h>
| #define INCLUDE_EXTFS_H <ext2fs/ext2fs.h>
| #define HAVE_LIBYAJL 1
| #define HAVE_LIBZ 1
| #define HAVE_YAJL_YAJL_VERSION_H 1
| #define HAVE_SYS_EVENTFD_H 1
| /* end confdefs.h.  */
| #include <valgrind/memcheck.h>
configure:9024: result: no
configure:9024: checking for valgrind/memcheck.h
configure:9024: result: no
configure:9024: checking utmp.h usability
configure:9024: gcc -c -g -O2    conftest.c >&5
configure:9024: $? = 0
configure:9024: result: yes
configure:9024: checking utmp.h presence
configure:9024: gcc -E    conftest.c
configure:9024: $? = 0
configure:9024: result: yes
configure:9024: checking for utmp.h
configure:9024: result: yes
configure:9038: checking for LIBNL3
configure:9045: $PKG_CONFIG --exists --print-errors "libnl-3.0 >= 3.2.8 libnl-route-3.0 >= 3.2.8"
configure:9048: $? = 0
configure:9062: $PKG_CONFIG --exists --print-errors "libnl-3.0 >= 3.2.8 libnl-route-3.0 >= 3.2.8"
configure:9065: $? = 0
configure:9103: result: yes
configure:9181: checking for SYSTEMD
configure:9188: $PKG_CONFIG --exists --print-errors "libsystemd-daemon"
Package libsystemd-daemon was not found in the pkg-config search path.
Perhaps you should add the directory containing `libsystemd-daemon.pc'
to the PKG_CONFIG_PATH environment variable
No package 'libsystemd-daemon' found
configure:9191: $? = 1
configure:9205: $PKG_CONFIG --exists --print-errors "libsystemd-daemon"
Package libsystemd-daemon was not found in the pkg-config search path.
Perhaps you should add the directory containing `libsystemd-daemon.pc'
to the PKG_CONFIG_PATH environment variable
No package 'libsystemd-daemon' found
configure:9208: $? = 1
configure:9222: result: no
No package 'libsystemd-daemon' found
configure:9241: checking for SYSTEMD
configure:9248: $PKG_CONFIG --exists --print-errors "libsystemd >= 209"
configure:9251: $? = 0
configure:9265: $PKG_CONFIG --exists --print-errors "libsystemd >= 209"
configure:9268: $? = 0
configure:9306: result: yes
configure:9407: checking for SYSTEMD
configure:9414: $PKG_CONFIG --exists --print-errors "libsystemd-daemon"
Package libsystemd-daemon was not found in the pkg-config search path.
Perhaps you should add the directory containing `libsystemd-daemon.pc'
to the PKG_CONFIG_PATH environment variable
No package 'libsystemd-daemon' found
configure:9417: $? = 1
configure:9448: result: no
No package 'libsystemd-daemon' found
configure:9466: checking for SYSTEMD
configure:9473: $PKG_CONFIG --exists --print-errors "libsystemd >= 209"
configure:9476: $? = 0
configure:9551: result: yes
configure:9815: creating ./config.status

## ---------------------- ##
## Running config.status. ##
## ---------------------- ##

This file was extended by Xen Hypervisor Tools config.status 4.11, which was
generated by GNU Autoconf 2.69.  Invocation command line was

  CONFIG_FILES    = 
  CONFIG_HEADERS  = 
  CONFIG_LINKS    = 
  CONFIG_COMMANDS = 
  $ ./config.status 

on runhua-AMD-EPYC

config.status:950: creating ../config/Tools.mk
config.status:950: creating hotplug/FreeBSD/rc.d/xencommons
config.status:950: creating hotplug/FreeBSD/rc.d/xendriverdomain
config.status:950: creating hotplug/Linux/init.d/sysconfig.xencommons
config.status:950: creating hotplug/Linux/init.d/sysconfig.xendomains
config.status:950: creating hotplug/Linux/init.d/xen-watchdog
config.status:950: creating hotplug/Linux/init.d/xencommons
config.status:950: creating hotplug/Linux/init.d/xendomains
config.status:950: creating hotplug/Linux/init.d/xendriverdomain
config.status:950: creating hotplug/Linux/launch-xenstore
config.status:950: creating hotplug/Linux/vif-setup
config.status:950: creating hotplug/Linux/xen-hotplug-common.sh
config.status:950: creating hotplug/Linux/xendomains
config.status:950: creating hotplug/NetBSD/rc.d/xencommons
config.status:950: creating hotplug/NetBSD/rc.d/xendriverdomain
config.status:950: creating ocaml/xenstored/oxenstored.conf
config.status:950: creating hotplug/Linux/systemd/proc-xen.mount
config.status:950: creating hotplug/Linux/systemd/var-lib-xenstored.mount
config.status:950: creating hotplug/Linux/systemd/xen-init-dom0.service
config.status:950: creating hotplug/Linux/systemd/xen-qemu-dom0-disk-backend.service
config.status:950: creating hotplug/Linux/systemd/xen-watchdog.service
config.status:950: creating hotplug/Linux/systemd/xenconsoled.service
config.status:950: creating hotplug/Linux/systemd/xendomains.service
config.status:950: creating hotplug/Linux/systemd/xendriverdomain.service
config.status:950: creating hotplug/Linux/systemd/xenstored.service
config.status:950: creating config.h

## ---------------- ##
## Cache variables. ##
## ---------------- ##

ac_cv_build=x86_64-unknown-linux-gnu
ac_cv_c_compiler_gnu=yes
ac_cv_env_APPEND_INCLUDES_set=
ac_cv_env_APPEND_INCLUDES_value=
ac_cv_env_APPEND_LIB_set=
ac_cv_env_APPEND_LIB_value=
ac_cv_env_AS86_set=
ac_cv_env_AS86_value=
ac_cv_env_AWK_set=
ac_cv_env_AWK_value=
ac_cv_env_BASH_set=set
ac_cv_env_BASH_value=/bin/bash
ac_cv_env_BCC_set=
ac_cv_env_BCC_value=
ac_cv_env_BISON_set=
ac_cv_env_BISON_value=
ac_cv_env_CC_set=
ac_cv_env_CC_value=
ac_cv_env_CFLAGS_set=
ac_cv_env_CFLAGS_value=
ac_cv_env_CPPFLAGS_set=
ac_cv_env_CPPFLAGS_value=
ac_cv_env_CPP_set=
ac_cv_env_CPP_value=
ac_cv_env_FLEX_set=
ac_cv_env_FLEX_value=
ac_cv_env_IASL_set=
ac_cv_env_IASL_value=
ac_cv_env_LD86_set=
ac_cv_env_LD86_value=
ac_cv_env_LDFLAGS_set=
ac_cv_env_LDFLAGS_value=
ac_cv_env_LIBNL3_CFLAGS_set=
ac_cv_env_LIBNL3_CFLAGS_value=
ac_cv_env_LIBNL3_LIBS_set=
ac_cv_env_LIBNL3_LIBS_value=
ac_cv_env_LIBS_set=
ac_cv_env_LIBS_value=
ac_cv_env_PERL_set=
ac_cv_env_PERL_value=
ac_cv_env_PKG_CONFIG_LIBDIR_set=
ac_cv_env_PKG_CONFIG_LIBDIR_value=
ac_cv_env_PKG_CONFIG_PATH_set=
ac_cv_env_PKG_CONFIG_PATH_value=
ac_cv_env_PKG_CONFIG_set=
ac_cv_env_PKG_CONFIG_value=
ac_cv_env_PREPEND_INCLUDES_set=
ac_cv_env_PREPEND_INCLUDES_value=
ac_cv_env_PREPEND_LIB_set=
ac_cv_env_PREPEND_LIB_value=
ac_cv_env_PYTHON_set=
ac_cv_env_PYTHON_value=
ac_cv_env_SYSTEMD_CFLAGS_set=
ac_cv_env_SYSTEMD_CFLAGS_value=
ac_cv_env_SYSTEMD_LIBS_set=
ac_cv_env_SYSTEMD_LIBS_value=
ac_cv_env_XGETTEXT_set=
ac_cv_env_XGETTEXT_value=
ac_cv_env_build_alias_set=
ac_cv_env_build_alias_value=
ac_cv_env_glib_CFLAGS_set=
ac_cv_env_glib_CFLAGS_value=
ac_cv_env_glib_LIBS_set=
ac_cv_env_glib_LIBS_value=
ac_cv_env_host_alias_set=
ac_cv_env_host_alias_value=
ac_cv_env_pixman_CFLAGS_set=
ac_cv_env_pixman_CFLAGS_value=
ac_cv_env_pixman_LIBS_set=
ac_cv_env_pixman_LIBS_value=
ac_cv_env_target_alias_set=
ac_cv_env_target_alias_value=
ac_cv_header_Python_h=yes
ac_cv_header_argp_h=yes
ac_cv_header_bzlib_h=yes
ac_cv_header_curses_h=yes
ac_cv_header_ext2fs_ext2fs_h=yes
ac_cv_header_ext4fs_ext2fs_h=no
ac_cv_header_inttypes_h=yes
ac_cv_header_libutil_h=no
ac_cv_header_lzma_h=yes
ac_cv_header_lzo_lzo1x_h=no
ac_cv_header_memory_h=yes
ac_cv_header_ncurses_h=yes
ac_cv_header_stdc=yes
ac_cv_header_stdint_h=yes
ac_cv_header_stdlib_h=yes
ac_cv_header_string_h=yes
ac_cv_header_strings_h=yes
ac_cv_header_sys_eventfd_h=yes
ac_cv_header_sys_stat_h=yes
ac_cv_header_sys_types_h=yes
ac_cv_header_unistd_h=yes
ac_cv_header_utmp_h=yes
ac_cv_header_uuid_h=no
ac_cv_header_uuid_uuid_h=yes
ac_cv_header_valgrind_memcheck_h=no
ac_cv_header_yajl_yajl_version_h=yes
ac_cv_host=x86_64-unknown-linux-gnu
ac_cv_lib_argp_argp_usage=no
ac_cv_lib_bz2_BZ2_bzDecompressInit=yes
ac_cv_lib_curses_clear=yes
ac_cv_lib_ext2fs_ext2fs_open2=yes
ac_cv_lib_gcrypt_gcry_md_hash_buffer=no
ac_cv_lib_iconv_libiconv_open=no
ac_cv_lib_lzma_lzma_stream_decoder=yes
ac_cv_lib_lzma_lzma_version_number=yes
ac_cv_lib_ncurses_clear=yes
ac_cv_lib_python2_7___PyArg_ParseTuple=yes
ac_cv_lib_tinfo_define_key=yes
ac_cv_lib_uuid_uuid_clear=yes
ac_cv_lib_yajl_yajl_alloc=yes
ac_cv_lib_z_deflateCopy=yes
ac_cv_objext=o
ac_cv_path_AS86=/usr/bin/as86
ac_cv_path_AWK=/usr/bin/awk
ac_cv_path_BASH=/bin/bash
ac_cv_path_BCC=/usr/bin/bcc
ac_cv_path_BISON=/usr/bin/bison
ac_cv_path_EGREP='/usr/bin/grep -E'
ac_cv_path_FLEX=/usr/bin/flex
ac_cv_path_GREP=/usr/bin/grep
ac_cv_path_IASL=/usr/bin/iasl
ac_cv_path_LD86=/usr/bin/ld86
ac_cv_path_PERL=/usr/bin/perl
ac_cv_path_PYTHONPATH=/usr/bin/python
ac_cv_path_WGET=/usr/bin/wget
ac_cv_path_XGETTEXT=/usr/bin/xgettext
ac_cv_path_ac_pt_PKG_CONFIG=/usr/bin/pkg-config
ac_cv_path_install='/usr/bin/install -c'
ac_cv_path_pyconfig=/usr/bin/python-config
ac_cv_prog_AWK=/usr/bin/awk
ac_cv_prog_CPP='gcc -E'
ac_cv_prog_ac_ct_CC=gcc
ac_cv_prog_ac_ct_OCAML=ocaml
ac_cv_prog_ac_ct_OCAMLC=ocamlc
ac_cv_prog_ac_ct_OCAMLCDOTOPT=ocamlc.opt
ac_cv_prog_ac_ct_OCAMLDEP=ocamldep
ac_cv_prog_ac_ct_OCAMLDOC=ocamldoc
ac_cv_prog_ac_ct_OCAMLFIND=ocamlfind
ac_cv_prog_ac_ct_OCAMLMKLIB=ocamlmklib
ac_cv_prog_ac_ct_OCAMLMKTOP=ocamlmktop
ac_cv_prog_ac_ct_OCAMLOPT=ocamlopt
ac_cv_prog_ac_ct_OCAMLOPTDOTOPT=ocamlopt.opt
ac_cv_prog_cc_c89=
ac_cv_prog_cc_g=yes
ac_cv_prog_make_make_set=yes
ac_cv_sys_file_offset_bits=no
ac_cv_sys_largefile_CC=no
ax_cv_githttp=n
ax_cv_monitors=y
ax_cv_ocamltools=y
ax_cv_ovmf=n
ax_cv_pthread_flags=-pthread
ax_cv_ptyfuncs_libs=-lutil
ax_cv_python_fortify=yes
ax_cv_rpath=n
ax_cv_seabios=y
ax_cv_systemd=n
ax_cv_xsmpolicy=y
pkg_cv_LIBNL3_CFLAGS=-I/usr/include/libnl3
pkg_cv_LIBNL3_LIBS='-lnl-route-3 -lnl-3'
pkg_cv_SYSTEMD_CFLAGS=
pkg_cv_SYSTEMD_LIBS=-lsystemd
pkg_cv_glib_CFLAGS='-I/usr/include/glib-2.0 -I/usr/lib/x86_64-linux-gnu/glib-2.0/include'
pkg_cv_glib_LIBS=-lglib-2.0
pkg_cv_pixman_CFLAGS=-I/usr/include/pixman-1
pkg_cv_pixman_LIBS=-lpixman-1

## ----------------- ##
## Output variables. ##
## ----------------- ##

APPEND_INCLUDES=''
APPEND_LIB=''
AS86='/usr/bin/as86'
AWK='/usr/bin/awk'
BASH='/bin/bash'
BCC='/usr/bin/bcc'
BISON='/usr/bin/bison'
CC='gcc'
CFLAGS='-g -O2'
CHECKPOLICY='no'
CONFIG_DIR='/etc'
CONFIG_LEAF_DIR='default'
CONFIG_RUMP='n'
CPP='gcc -E'
CPPFLAGS='  '
CURSES_LIBS='-lncurses'
DEBUG_DIR='/usr/local/lib/debug'
DEFS='-DHAVE_CONFIG_H'
ECHO_C=''
ECHO_N='-n'
ECHO_T=''
EGREP='/usr/bin/grep -E'
EXEEXT=''
EXTFS_LIBS='-lext2fs'
EXTRA_QEMUU_CONFIGURE_ARGS=''
FETCHER='/usr/bin/wget -c -O'
FILE_OFFSET_BITS=''
FLEX='/usr/bin/flex'
FTP=''
GREP='/usr/bin/grep'
IASL='/usr/bin/iasl'
INITD_DIR='/etc/init.d'
INSTALL_DATA='${INSTALL} -m 644'
INSTALL_PROGRAM='${INSTALL}'
INSTALL_SCRIPT='${INSTALL}'
LD86='/usr/bin/ld86'
LDFLAGS='  '
LIBEXEC='/usr/local/lib/xen'
LIBEXEC_BIN='/usr/local/lib/xen/bin'
LIBEXEC_INC='/usr/local/lib/xen/include'
LIBEXEC_LIB='/usr/local/lib/xen/lib'
LIBNL3_CFLAGS='-I/usr/include/libnl3'
LIBNL3_LIBS='-lnl-route-3 -lnl-3'
LIBOBJS=''
LIBS='-lz -lyajl -lpython2.7 -llzma  -lutil'
LINUX_BACKEND_MODULES='xen-evtchn xen-gntdev xen-gntalloc xen-blkback xen-netback xen-pciback evtchn gntdev netbk blkbk xen-scsibk usbbk pciback xen-acpi-processor blktap2'
LTLIBOBJS=''
OBJEXT='o'
OCAML='ocaml'
OCAMLBEST='opt'
OCAMLBUILD='no'
OCAMLC='ocamlc.opt'
OCAMLCDOTOPT='ocamlc.opt'
OCAMLDEP='ocamldep'
OCAMLDOC='ocamldoc'
OCAMLFIND='ocamlfind'
OCAMLLIB='/usr/lib/ocaml'
OCAMLMKLIB='ocamlmklib'
OCAMLMKTOP='ocamlmktop'
OCAMLOPT='ocamlopt.opt'
OCAMLOPTDOTOPT='ocamlopt.opt'
OCAMLVERSION='4.05.0'
PACKAGE_BUGREPORT='xen-devel@lists.xen.org'
PACKAGE_NAME='Xen Hypervisor Tools'
PACKAGE_STRING='Xen Hypervisor Tools 4.11'
PACKAGE_TARNAME='xen'
PACKAGE_URL='http://www.xen.org/'
PACKAGE_VERSION='4.11'
PATH_SEPARATOR=':'
PERL='/usr/bin/perl'
PKG_CONFIG='/usr/bin/pkg-config'
PKG_CONFIG_LIBDIR=''
PKG_CONFIG_PATH=''
PREPEND_INCLUDES=''
PREPEND_LIB=''
PTHREAD_CFLAGS='-pthread'
PTHREAD_LDFLAGS='-pthread'
PTHREAD_LIBS=''
PTYFUNCS_LIBS='-lutil'
PYTHON='python'
PYTHONPATH='/usr/bin/python'
PY_NOOPT_CFLAGS='-O1'
SET_MAKE=''
SHAREDIR='/usr/local/share'
SHELL='/bin/bash'
SYSTEMD_CFLAGS=''
SYSTEMD_DIR='$(prefix)/lib/systemd/system/'
SYSTEMD_LIBS='-lsystemd'
SYSTEMD_MODULES_LOAD='$(prefix)/lib/modules-load.d/'
TINFO_LIBS='-ltinfo'
WGET='/usr/bin/wget'
XENFIRMWAREDIR='/usr/local/lib/xen/boot'
XENSTORED='/usr/local/sbin/oxenstored'
XENSTORED_KVA='/proc/xen/xsd_kva'
XENSTORED_PORT='/proc/xen/xsd_port'
XEN_CONFIG_DIR='/etc/xen'
XEN_DUMP_DIR='/var/lib/xen/dump'
XEN_LIB_DIR='/var/lib/xen'
XEN_LIB_STORED='/var/lib/xenstored'
XEN_LOCK_DIR='/var/lock'
XEN_LOG_DIR='/var/log/xen'
XEN_PAGING_DIR='/var/lib/xen/xenpaging'
XEN_RUN_DIR='/var/run/xen'
XEN_RUN_STORED='/var/run/xenstored'
XEN_SCRIPT_DIR='/etc/xen/scripts'
XGETTEXT='/usr/bin/xgettext'
ac_ct_CC='gcc'
argp_ldflags=''
bindir='/usr/local/bin'
blktap2='n'
build='x86_64-unknown-linux-gnu'
build_alias=''
build_cpu='x86_64'
build_os='linux-gnu'
build_vendor='unknown'
datadir='${datarootdir}'
datarootdir='${prefix}/share'
docdir='${datarootdir}/doc/${PACKAGE_TARNAME}'
dvidir='${docdir}'
exec_prefix='/usr/local'
githttp='n'
glib_CFLAGS='-I/usr/include/glib-2.0 -I/usr/lib/x86_64-linux-gnu/glib-2.0/include'
glib_LIBS='-lglib-2.0'
host='x86_64-unknown-linux-gnu'
host_alias=''
host_cpu='x86_64'
host_os='linux-gnu'
host_vendor='unknown'
htmldir='${docdir}'
includedir='${prefix}/include'
infodir='${datarootdir}/info'
libdir='/usr/local/lib'
libexecdir='${exec_prefix}/lib'
libgcrypt='n'
libiconv='n'
libnl='y'
localedir='${datarootdir}/locale'
localstatedir='/var'
mandir='${datarootdir}/man'
monitors='y'
ocamltools='y'
oldincludedir='/usr/include'
ovmf='n'
pdfdir='${docdir}'
pixman_CFLAGS='-I/usr/include/pixman-1'
pixman_LIBS='-lpixman-1'
prefix='/usr/local'
program_transform_name='s,x,x,'
psdir='${docdir}'
pyconfig='/usr/bin/python-config'
qemu_traditional='y'
qemu_xen='y'
qemu_xen_path='/usr/local/lib/xen/bin/qemu-system-i386'
qemu_xen_systemd='/usr/local/lib/xen/bin/qemu-system-i386'
rombios='y'
rpath='n'
runstatedir='${localstatedir}/run'
sbindir='/usr/local/sbin'
seabios='y'
sharedstatedir='${prefix}/com'
sysconfdir='/etc'
system_aio=''
systemd='y'
target_alias=''
xsmpolicy='n'
zlib=' -DHAVE_BZLIB -lbz2 -DHAVE_LZMA -llzma'

## ----------- ##
## confdefs.h. ##
## ----------- ##

/* confdefs.h */
#define PACKAGE_NAME "Xen Hypervisor Tools"
#define PACKAGE_TARNAME "xen"
#define PACKAGE_VERSION "4.11"
#define PACKAGE_STRING "Xen Hypervisor Tools 4.11"
#define PACKAGE_BUGREPORT "xen-devel@lists.xen.org"
#define PACKAGE_URL "http://www.xen.org/"
#define HAVE_QEMU_TRADITIONAL 1
#define HAVE_LIBLZMA 1
#define HAVE_ROMBIOS 1
#define QEMU_XEN_PATH "/usr/local/lib/xen/bin/qemu-system-i386"
#define SEABIOS_PATH "/usr/local/lib/xen/boot/seabios.bin"
#define STDC_HEADERS 1
#define HAVE_SYS_TYPES_H 1
#define HAVE_SYS_STAT_H 1
#define HAVE_STDLIB_H 1
#define HAVE_STRING_H 1
#define HAVE_MEMORY_H 1
#define HAVE_STRINGS_H 1
#define HAVE_INTTYPES_H 1
#define HAVE_STDINT_H 1
#define HAVE_UNISTD_H 1
#define HAVE_LIBPYTHON2_7 1
#define INCLUDE_CURSES_H <ncurses.h>
#define INCLUDE_EXTFS_H <ext2fs/ext2fs.h>
#define HAVE_LIBYAJL 1
#define HAVE_LIBZ 1
#define HAVE_YAJL_YAJL_VERSION_H 1
#define HAVE_SYS_EVENTFD_H 1
#define HAVE_UTMP_H 1
#define HAVE_SYSTEMD 1

configure: exit 0
