This file contains any messages produced by compilers while
running configure, to aid debugging if configure makes a mistake.

It was created by Xen Hypervisor configure 4.11, which was
generated by GNU Autoconf 2.69.  Invocation command line was

  $ ./configure 

## --------- ##
## Platform. ##
## --------- ##

hostname = runhua-AMD-EPYC
uname -m = x86_64
uname -r = 5.0.0-31-generic
uname -s = Linux
uname -v = #33-Ubuntu SMP Mon Sep 30 18:51:59 UTC 2019

/usr/bin/uname -p = x86_64
/bin/uname -X     = unknown

/bin/arch              = x86_64
/usr/bin/arch -k       = unknown
/usr/convex/getsysinfo = unknown
/usr/bin/hostinfo      = unknown
/bin/machine           = unknown
/usr/bin/oslevel       = unknown
/bin/universe          = unknown

PATH: /usr/local/sbin
PATH: /usr/local/bin
PATH: /usr/sbin
PATH: /usr/bin
PATH: /sbin
PATH: /bin
PATH: /usr/games
PATH: /usr/local/games
PATH: /snap/bin


## ----------- ##
## Core tests. ##
## ----------- ##

configure:1800: checking build system type
configure:1814: result: x86_64-unknown-linux-gnu
configure:1834: checking host system type
configure:1847: result: x86_64-unknown-linux-gnu
configure:2455: creating ./config.status

## ---------------------- ##
## Running config.status. ##
## ---------------------- ##

This file was extended by Xen Hypervisor config.status 4.11, which was
generated by GNU Autoconf 2.69.  Invocation command line was

  CONFIG_FILES    = 
  CONFIG_HEADERS  = 
  CONFIG_LINKS    = 
  CONFIG_COMMANDS = 
  $ ./config.status 

on runhua-AMD-EPYC

config.status:748: creating config/Toplevel.mk
config.status:748: creating config/Paths.mk
configure:3528: === configuring in tools (/home/runhua/xen-4.11-experiment/tools)
configure:3591: running /bin/bash ./configure --disable-option-checking '--prefix=/usr/local'  --cache-file=/dev/null --srcdir=.
configure:3528: === configuring in stubdom (/home/runhua/xen-4.11-experiment/stubdom)
configure:3591: running /bin/bash ./configure --disable-option-checking '--prefix=/usr/local'  --cache-file=/dev/null --srcdir=.
configure:3528: === configuring in docs (/home/runhua/xen-4.11-experiment/docs)
configure:3591: running /bin/bash ./configure --disable-option-checking '--prefix=/usr/local'  --cache-file=/dev/null --srcdir=.

## ---------------- ##
## Cache variables. ##
## ---------------- ##

ac_cv_build=x86_64-unknown-linux-gnu
ac_cv_env_build_alias_set=
ac_cv_env_build_alias_value=
ac_cv_env_host_alias_set=
ac_cv_env_host_alias_value=
ac_cv_env_target_alias_set=
ac_cv_env_target_alias_value=
ac_cv_host=x86_64-unknown-linux-gnu
ax_cv_githttp=n

## ----------------- ##
## Output variables. ##
## ----------------- ##

CONFIG_DIR='/etc'
CONFIG_LEAF_DIR='default'
DEBUG_DIR='/usr/local/lib/debug'
DEFS='-DPACKAGE_NAME=\"Xen\ Hypervisor\" -DPACKAGE_TARNAME=\"xen\" -DPACKAGE_VERSION=\"4.11\" -DPACKAGE_STRING=\"Xen\ Hypervisor\ 4.11\" -DPACKAGE_BUGREPORT=\"xen-devel@lists.xen.org\" -DPACKAGE_URL=\"http://www.xen.org/\"'
ECHO_C=''
ECHO_N='-n'
ECHO_T=''
INITD_DIR='/etc/init.d'
LIBEXEC='/usr/local/lib/xen'
LIBEXEC_BIN='/usr/local/lib/xen/bin'
LIBEXEC_INC='/usr/local/lib/xen/include'
LIBEXEC_LIB='/usr/local/lib/xen/lib'
LIBOBJS=''
LIBS=''
LTLIBOBJS=''
PACKAGE_BUGREPORT='xen-devel@lists.xen.org'
PACKAGE_NAME='Xen Hypervisor'
PACKAGE_STRING='Xen Hypervisor 4.11'
PACKAGE_TARNAME='xen'
PACKAGE_URL='http://www.xen.org/'
PACKAGE_VERSION='4.11'
PATH_SEPARATOR=':'
SHAREDIR='/usr/local/share'
SHELL='/bin/bash'
SUBSYSTEMS=' xen tools stubdom docs'
XENFIRMWAREDIR='/usr/local/lib/xen/boot'
XENSTORED_KVA='/proc/xen/xsd_kva'
XENSTORED_PORT='/proc/xen/xsd_port'
XEN_CONFIG_DIR='/etc/xen'
XEN_DUMP_DIR='/var/lib/xen/dump'
XEN_LIB_DIR='/var/lib/xen'
XEN_LIB_STORED='/var/lib/xenstored'
XEN_LOCK_DIR='/var/lock'
XEN_LOG_DIR='/var/log/xen'
XEN_PAGING_DIR='/var/lib/xen/xenpaging'
XEN_RUN_DIR='/var/run/xen'
XEN_RUN_STORED='/var/run/xenstored'
XEN_SCRIPT_DIR='/etc/xen/scripts'
bindir='/usr/local/bin'
build='x86_64-unknown-linux-gnu'
build_alias=''
build_cpu='x86_64'
build_os='linux-gnu'
build_vendor='unknown'
datadir='${datarootdir}'
datarootdir='${prefix}/share'
docdir='${datarootdir}/doc/${PACKAGE_TARNAME}'
docs='y'
dvidir='${docdir}'
exec_prefix='/usr/local'
githttp='n'
host='x86_64-unknown-linux-gnu'
host_alias=''
host_cpu='x86_64'
host_os='linux-gnu'
host_vendor='unknown'
htmldir='${docdir}'
includedir='${prefix}/include'
infodir='${datarootdir}/info'
libdir='/usr/local/lib'
libexecdir='${exec_prefix}/lib'
localedir='${datarootdir}/locale'
localstatedir='/var'
mandir='${datarootdir}/man'
oldincludedir='/usr/include'
pdfdir='${docdir}'
prefix='/usr/local'
program_transform_name='s,x,x,'
psdir='${docdir}'
runstatedir='${localstatedir}/run'
sbindir='/usr/local/sbin'
sharedstatedir='${prefix}/com'
stubdom='y'
subdirs=' tools stubdom docs'
sysconfdir='/etc'
target_alias=''
tools='y'
xen='y'

## ----------- ##
## confdefs.h. ##
## ----------- ##

/* confdefs.h */
#define PACKAGE_NAME "Xen Hypervisor"
#define PACKAGE_TARNAME "xen"
#define PACKAGE_VERSION "4.11"
#define PACKAGE_STRING "Xen Hypervisor 4.11"
#define PACKAGE_BUGREPORT "xen-devel@lists.xen.org"
#define PACKAGE_URL "http://www.xen.org/"

configure: exit 0
